<?xml version="1.0" encoding="UTF-8"?>
<!-- Generated by org.testng.reporters.JUnitXMLReporter -->
<testsuite ignored="0" hostname="DESKTOP-PJE0AGU" failures="0" tests="6" name="Test1" time="47.025" errors="0" timestamp="2024-05-27T09:17:41 IST">
  <testcase classname="TestingTravel.Redbus" name="redbus" time="18.499"/>
  <testcase classname="TestingFashion.Ajio" name="ajio" time="20.077"/>
  <testcase classname="TestingTravel.MakeMyTrip" name="makeMyTrip" time="20.961"/>
  <testcase classname="TestingTravel.Abhibus" name="abhiBus" time="25.861"/>
  <testcase classname="TestingFashion.Dws" name="dws" time="26.757"/>
  <testcase classname="TestingFashion.Kalki" name="kalki" time="25.898"/>
</testsuite> <!-- Test1 -->
